<?xml version="1.0" encoding="UTF-8"?>
<testng-results ignored="0" total="2" passed="2" failed="0" skipped="0">
  <reporter-output>
  </reporter-output>
  <suite started-at="2023-12-19T16:58:59 IST" name="Default suite" finished-at="2023-12-19T16:59:14 IST" duration-ms="15431">
    <groups>
    </groups>
    <test started-at="2023-12-19T16:58:59 IST" name="Default test" finished-at="2023-12-19T16:59:14 IST" duration-ms="15431">
      <class name="amazon.AmazonSearchTest">
        <test-method is-config="true" signature="beforeClass()[pri:0, instance:amazon.AmazonSearchTest@6e0f5f7f]" started-at="2023-12-19T16:58:59 IST" name="beforeClass" finished-at="2023-12-19T16:59:08 IST" duration-ms="8532" status="PASS">
          <reporter-output>
          </reporter-output>
        </test-method> <!-- beforeClass -->
        <test-method signature="testSearch1()[pri:0, instance:amazon.AmazonSearchTest@6e0f5f7f]" started-at="2023-12-19T16:59:08 IST" name="testSearch1" description="Search Iphone 15 pro max" finished-at="2023-12-19T16:59:10 IST" duration-ms="2609" status="PASS">
          <reporter-output>
          </reporter-output>
        </test-method> <!-- testSearch1 -->
        <test-method signature="testSearch2()[pri:0, instance:amazon.AmazonSearchTest@6e0f5f7f]" started-at="2023-12-19T16:59:10 IST" name="testSearch2" description="Search Apple Mac book" finished-at="2023-12-19T16:59:13 IST" duration-ms="2310" status="PASS">
          <reporter-output>
          </reporter-output>
        </test-method> <!-- testSearch2 -->
        <test-method is-config="true" signature="afterClass()[pri:0, instance:amazon.AmazonSearchTest@6e0f5f7f]" started-at="2023-12-19T16:59:13 IST" name="afterClass" finished-at="2023-12-19T16:59:14 IST" duration-ms="1925" status="PASS">
          <reporter-output>
          </reporter-output>
        </test-method> <!-- afterClass -->
      </class> <!-- amazon.AmazonSearchTest -->
    </test> <!-- Default test -->
  </suite> <!-- Default suite -->
</testng-results>
